<?xml version="1.0" encoding="UTF-8"?>
<testng-results skipped="0" failed="0" ignored="0" total="1" passed="1">
  <reporter-output>
  </reporter-output>
  <suite name="Default suite" duration-ms="69" started-at="2019-06-14T16:53:04Z" finished-at="2019-06-14T16:53:05Z">
    <groups>
    </groups>
    <test name="Default test" duration-ms="69" started-at="2019-06-14T16:53:04Z" finished-at="2019-06-14T16:53:05Z">
      <class name="com.spring.springtest.SpringtestApplicationTests">
        <test-method status="PASS" signature="contextLoads()[pri:0, instance:com.spring.springtest.SpringtestApplicationTests@3159c4b8]" name="contextLoads" duration-ms="19" started-at="2019-06-14T16:53:04Z" finished-at="2019-06-14T16:53:05Z">
          <reporter-output>
          </reporter-output>
        </test-method> <!-- contextLoads -->
      </class> <!-- com.spring.springtest.SpringtestApplicationTests -->
    </test> <!-- Default test -->
  </suite> <!-- Default suite -->
</testng-results>
